<?xml version="1.0" encoding="UTF-8"?>
<!-- Generated by org.testng.reporters.JUnitReportReporter -->
<testsuite skipped="0" hostname="LAPTOP-BK9L043U" name="com.mes.test.regression.login.TestLoginU13456" tests="1" failures="0" timestamp="09 Feb 2019 17:15:13 GMT" time="63.067" errors="0">
  <testcase name="testLoginInvalidTC134579" time="63.067" classname="com.mes.test.regression.login.TestLoginU13456"/>
</testsuite> <!-- com.mes.test.regression.login.TestLoginU13456 -->
