<?xml version="1.0" encoding="UTF-8"?>
<!-- Generated by org.testng.reporters.JUnitReportReporter -->
<testsuite skipped="0" hostname="LAPTOP-BK9L043U" name="com.mes.test.smoke.TestSample" tests="1" failures="0" timestamp="07 Feb 2019 07:01:51 GMT" time="22.794" errors="0">
  <testcase name="test_sample" time="22.794" classname="com.mes.test.smoke.TestSample"/>
</testsuite> <!-- com.mes.test.smoke.TestSample -->
